\BOOKMARK [1][-]{section.1}{\376\377\116\313\176\315}{}% 1
\BOOKMARK [1][-]{section.2}{\376\377\116\000\171\315\203\003\137\017\377\014\131\032\171\315\141\077\146\157}{}% 2
\BOOKMARK [1][-]{section.3}{\376\377\145\057\143\001\142\200\147\057}{}% 3
\BOOKMARK [2][-]{subsection.3.1}{\376\377\213\306\122\053\060\001\117\040\141\037\124\214\220\032\117\341\142\200\147\057}{section.3}% 4
\BOOKMARK [2][-]{subsection.3.2}{\376\377\116\055\225\364\116\366}{section.3}% 5
\BOOKMARK [3][-]{subsubsection.3.2.1}{\376\377\136\224\165\050\172\013\136\217}{subsection.3.2}% 6
\BOOKMARK [3][-]{subsubsection.3.2.2}{\376\377\147\015\122\241\176\304\124\010}{subsection.3.2}% 7
\BOOKMARK [3][-]{subsubsection.3.2.3}{\376\377\147\015\122\241\173\241\164\006}{subsection.3.2}% 8
\BOOKMARK [3][-]{subsubsection.3.2.4}{\376\377\133\371\214\141\142\275\214\141}{subsection.3.2}% 9
\BOOKMARK [3][-]{subsubsection.3.2.5}{\376\377\117\341\116\373\060\001\226\220\171\301\124\214\133\211\121\150\173\241\164\006}{subsection.3.2}% 10
\BOOKMARK [1][-]{section.4}{\376\377\136\224\165\050}{}% 11
\BOOKMARK [2][-]{subsection.4.1}{\376\377\116\244\220\032\162\151\155\101\230\206\127\337}{section.4}% 12
\BOOKMARK [3][-]{subsubsection.4.1.1}{\376\377\124\016\122\344\133\146}{subsection.4.1}% 13
\BOOKMARK [3][-]{subsubsection.4.1.2}{\376\377\217\205\122\251\232\176\232\166}{subsection.4.1}% 14
\BOOKMARK [3][-]{subsubsection.4.1.3}{\376\377\171\373\122\250\171\150\122\241}{subsection.4.1}% 15
\BOOKMARK [3][-]{subsubsection.4.1.4}{\376\377\166\321\155\113\163\257\130\203\123\302\145\160}{subsection.4.1}% 16
\BOOKMARK [3][-]{subsubsection.4.1.5}{\376\377\130\236\137\072\127\060\126\376}{subsection.4.1}% 17
\BOOKMARK [2][-]{subsection.4.2}{\376\377\123\073\165\227\117\335\120\145\230\206\127\337}{section.4}% 18
\BOOKMARK [3][-]{subsubsection.4.2.1}{\376\377\217\375\216\052}{subsection.4.2}% 19
\BOOKMARK [3][-]{subsubsection.4.2.2}{\376\377\213\306\122\053\124\214\213\244\213\301}{subsection.4.2}% 20
\BOOKMARK [3][-]{subsubsection.4.2.3}{\376\377\145\160\143\156\145\066\226\306}{subsection.4.2}% 21
\BOOKMARK [3][-]{subsubsection.4.2.4}{\376\377\117\040\141\037}{subsection.4.2}% 22
\BOOKMARK [2][-]{subsection.4.3}{\376\377\146\172\200\375\163\257\130\203\230\206\127\337}{section.4}% 23
\BOOKMARK [3][-]{subsubsection.4.3.1}{\376\377\202\022\220\002\166\204\133\266\124\214\122\236\121\154\133\244}{subsection.4.3}% 24
\BOOKMARK [3][-]{subsubsection.4.3.2}{\376\377\135\345\123\202}{subsection.4.3}% 25
\BOOKMARK [3][-]{subsubsection.4.3.3}{\376\377\146\172\200\375\123\132\162\151\231\206\124\214\120\145\216\253\142\077}{subsection.4.3}% 26
\BOOKMARK [2][-]{subsection.4.4}{\376\377\116\052\116\272\124\214\171\076\117\032\230\206\127\337}{section.4}% 27
\BOOKMARK [3][-]{subsubsection.4.4.1}{\376\377\171\076\116\244\177\121\176\334}{subsection.4.4}% 28
\BOOKMARK [3][-]{subsubsection.4.4.2}{\376\377\123\206\123\362\147\345\213\342}{subsection.4.4}% 29
\BOOKMARK [3][-]{subsubsection.4.4.3}{\376\377\143\137\131\061}{subsection.4.4}% 30
\BOOKMARK [3][-]{subsubsection.4.4.4}{\376\377\166\327\172\203}{subsection.4.4}% 31
\BOOKMARK [2][-]{subsection.4.5}{\376\377\147\052\147\145\136\224\165\050\230\206\127\337}{section.4}% 32
\BOOKMARK [3][-]{subsubsection.4.5.1}{\376\377\147\072\126\150\116\272\121\372\171\337\217\146}{subsection.4.5}% 33
\BOOKMARK [3][-]{subsubsection.4.5.2}{\376\377\127\316\136\002\117\341\140\157\152\041\127\213}{subsection.4.5}% 34
\BOOKMARK [3][-]{subsubsection.4.5.3}{\376\377\130\236\137\072\127\213\156\070\142\017\133\244}{subsection.4.5}% 35
\BOOKMARK [1][-]{section.5}{\376\377\147\052\121\263\225\356\230\230}{}% 36
\BOOKMARK [2][-]{subsection.5.1}{\376\377\150\007\121\306\123\026\155\073\122\250}{section.5}% 37
\BOOKMARK [2][-]{subsection.5.2}{\376\377\211\343\121\263\124\214\177\121\176\334\225\356\230\230}{section.5}% 38
\BOOKMARK [2][-]{subsection.5.3}{\376\377\133\211\121\150\124\214\226\220\171\301}{section.5}% 39
\BOOKMARK [3][-]{subsubsection.5.3.1}{\376\377\133\211\121\150}{subsection.5.3}% 40
\BOOKMARK [3][-]{subsubsection.5.3.2}{\376\377\226\220\171\301}{subsection.5.3}% 41
\BOOKMARK [1][-]{section.6}{\376\377\140\073\176\323}{}% 42
