\BOOKMARK [0][-]{section*.1}{\376\377\116\055\145\207\144\130\211\201}{}% 1
\BOOKMARK [0][-]{section*.2}{\376\377\202\361\145\207\144\130\211\201}{}% 2
\BOOKMARK [0][-]{chapter.1}{\376\377\171\076\117\032\133\236\215\365\140\305\121\265\173\200\217\360}{}% 3
\BOOKMARK [1][-]{section.1.1}{\376\377\171\357\147\201\116\206\211\343\176\242\202\162\145\207\123\026}{chapter.1}% 4
\BOOKMARK [1][-]{section.1.2}{\376\377\214\003\170\024\145\207\123\026\133\243\117\040\172\013\136\246}{chapter.1}% 5
\BOOKMARK [1][-]{section.1.3}{\376\377\217\333\210\114\176\242\202\162\145\207\123\026\215\365\210\114\124\214\133\243\117\040}{chapter.1}% 6
\BOOKMARK [0][-]{chapter.2}{\376\377\214\003\147\345\176\323\147\234\122\006\147\220}{}% 7
\BOOKMARK [1][-]{section.2.1}{\376\377\123\327\213\277\116\272\177\244\151\202\121\265}{chapter.2}% 8
\BOOKMARK [1][-]{section.2.2}{\376\377\123\327\155\113\116\272\177\244\133\371\176\242\202\162\145\207\123\026\166\204\116\206\211\343\172\013\136\246}{chapter.2}% 9
\BOOKMARK [1][-]{section.2.3}{\376\377\123\327\213\277\116\272\177\244\133\371\176\242\202\162\145\207\123\026\133\243\117\040\166\204\141\037\123\327}{chapter.2}% 10
\BOOKMARK [1][-]{section.2.4}{\376\377\123\327\155\113\116\272\177\244\133\371\176\242\202\162\133\243\117\040\135\345\117\134\166\204\136\372\213\256}{chapter.2}% 11
\BOOKMARK [1][-]{section.2.5}{\376\377\214\003\147\345\225\356\123\167\140\073\176\323\124\214\122\006\147\220}{chapter.2}% 12
\BOOKMARK [0][-]{chapter.3}{\376\377\176\242\202\162\145\207\123\026\133\243\117\040\166\204\133\236\215\365\204\075\133\236}{}% 13
\BOOKMARK [1][-]{section.3.1}{\376\377\142\227\155\052\116\016\142\227\165\253}{chapter.3}% 14
\BOOKMARK [1][-]{section.3.2}{\376\377\176\242\202\162\145\207\123\026\133\243\213\262}{chapter.3}% 15
\BOOKMARK [1][-]{section.3.3}{\376\377\131\032\132\222\117\123\137\142\137\017\133\243\117\040}{chapter.3}% 16
\BOOKMARK [0][-]{chapter.4}{\376\377\145\066\203\267\124\214\141\037\140\363}{}% 17
\BOOKMARK [0][-]{section*.14}{\376\377\123\302\200\003\145\207\163\056}{}% 18
\BOOKMARK [0][-]{section*.16}{\376\377\226\104\137\125}{}% 19
\BOOKMARK [0][-]{section*.21}{\376\377\201\364\214\042}{}% 20
